This is pdfTeX, Version 3.141592653-2.6-1.40.25 (MiKTeX 24.1) (preloaded format=pdflatex 2026.3.17)  19 MAR 2026 00:18
entering extended mode
 restricted \write18 enabled.
 %&-line parsing enabled.
**./thesis.tex
(thesis.tex
LaTeX2e <2023-11-01> patch level 1
L3 programming layer <2024-01-04>
(ucdgradtaughtthesis.cls
Document Class: ucdgradtaughtthesis 2018/07/26 1.0 University College Dublin Gr
aduate Taught Thesis Class
(C:\Users\dever\MikTeX\tex/latex/base\report.cls
Document Class: report 2023/05/17 v1.4n Standard LaTeX document class
(C:\Users\dever\MikTeX\tex/latex/base\size12.clo
File: size12.clo 2023/05/17 v1.4n Standard LaTeX file (size option)
)
\c@part=\count187
\c@chapter=\count188
\c@section=\count189
\c@subsection=\count190
\c@subsubsection=\count191
\c@paragraph=\count192
\c@subparagraph=\count193
\c@figure=\count194
\c@table=\count195
\abovecaptionskip=\skip48
\belowcaptionskip=\skip49
\bibindent=\dimen140
)
(C:\Users\dever\MikTeX\tex/latex/geometry\geometry.sty
Package: geometry 2020/01/02 v5.9 Page Geometry

(C:\Users\dever\MikTeX\tex/latex/graphics\keyval.sty
Package: keyval 2022/05/29 v1.15 key=value parser (DPC)
\KV@toks@=\toks17
)
(C:\Users\dever\MikTeX\tex/generic/iftex\ifvtex.sty
Package: ifvtex 2019/10/25 v1.7 ifvtex legacy package. Use iftex instead.

(C:\Users\dever\MikTeX\tex/generic/iftex\iftex.sty
Package: iftex 2022/02/03 v1.0f TeX engine tests
))
\Gm@cnth=\count196
\Gm@cntv=\count197
\c@Gm@tempcnt=\count198
\Gm@bindingoffset=\dimen141
\Gm@wd@mp=\dimen142
\Gm@odd@mp=\dimen143
\Gm@even@mp=\dimen144
\Gm@layoutwidth=\dimen145
\Gm@layoutheight=\dimen146
\Gm@layouthoffset=\dimen147
\Gm@layoutvoffset=\dimen148
\Gm@dimlist=\toks18

(C:\Users\dever\MikTeX\tex/latex/geometry\geometry.cfg))
(C:\Users\dever\MikTeX\tex/latex/setspace\setspace.sty
Package: setspace 2022/12/04 v6.7b set line spacing
)
(C:\Users\dever\MikTeX\tex/latex/url\url.sty
\Urlmuskip=\muskip16
Package: url 2013/09/16  ver 3.4  Verb mode for urls, etc.
)
(C:\Users\dever\MikTeX\tex/latex/natbib\natbib.sty
Package: natbib 2010/09/13 8.31b (PWD, AO)
\bibhang=\skip50
\bibsep=\skip51
LaTeX Info: Redefining \cite on input line 694.
\c@NAT@ctr=\count199
)
(C:\Users\dever\MikTeX\tex/latex/fancyhdr\fancyhdr.sty
Package: fancyhdr 2025/02/07 v5.2 Extensive control of page headers and footers

\f@nch@headwidth=\skip52
\f@nch@offset@elh=\skip53
\f@nch@offset@erh=\skip54
\f@nch@offset@olh=\skip55
\f@nch@offset@orh=\skip56
\f@nch@offset@elf=\skip57
\f@nch@offset@erf=\skip58
\f@nch@offset@olf=\skip59
\f@nch@offset@orf=\skip60
\f@nch@height=\skip61
\f@nch@footalignment=\skip62
\f@nch@widthL=\skip63
\f@nch@widthC=\skip64
\f@nch@widthR=\skip65
\@temptokenb=\toks19
)
(C:\Users\dever\MikTeX\tex/latex/listings\listings.sty
\lst@mode=\count266
\lst@gtempboxa=\box51
\lst@token=\toks20
\lst@length=\count267
\lst@currlwidth=\dimen149
\lst@column=\count268
\lst@pos=\count269
\lst@lostspace=\dimen150
\lst@width=\dimen151
\lst@newlines=\count270
\lst@lineno=\count271
\lst@maxwidth=\dimen152

(C:\Users\dever\MikTeX\tex/latex/listings\lstmisc.sty
File: lstmisc.sty 2023/02/27 1.9 (Carsten Heinz)
\c@lstnumber=\count272
\lst@skipnumbers=\count273
\lst@framebox=\box52
)
(C:\Users\dever\MikTeX\tex/latex/listings\listings.cfg
File: listings.cfg 2023/02/27 1.9 listings configuration
))
Package: listings 2023/02/27 1.9 (Carsten Heinz)
)
(C:\Users\dever\MikTeX\tex/latex/pdfpages\pdfpages.sty
Package: pdfpages 2025/07/23 v0.6g Insert pages of external PDF documents (AM)

(C:\Users\dever\MikTeX\tex/latex/base\ifthen.sty
Package: ifthen 2022/04/13 v1.1d Standard LaTeX ifthen package (DPC)
)
(C:\Users\dever\MikTeX\tex/latex/tools\calc.sty
Package: calc 2023/07/08 v4.3 Infix arithmetic (KKT,FJ)
\calc@Acount=\count274
\calc@Bcount=\count275
\calc@Adimen=\dimen153
\calc@Bdimen=\dimen154
\calc@Askip=\skip66
\calc@Bskip=\skip67
LaTeX Info: Redefining \setlength on input line 80.
LaTeX Info: Redefining \addtolength on input line 81.
\calc@Ccount=\count276
\calc@Cskip=\skip68
)
(C:\Users\dever\MikTeX\tex/latex/eso-pic\eso-pic.sty
Package: eso-pic 2025/12/10 v3.0d eso-pic (RN)
\ESO@tempdima=\dimen155
\ESO@tempdimb=\dimen156

(C:\Users\dever\MikTeX\tex/latex/xcolor\xcolor.sty
Package: xcolor 2023/11/15 v3.01 LaTeX color extensions (UK)

(C:\Users\dever\MikTeX\tex/latex/graphics-cfg\color.cfg
File: color.cfg 2016/01/02 v1.6 sample color configuration
)
Package xcolor Info: Driver file: pdftex.def on input line 274.

(C:\Users\dever\MikTeX\tex/latex/graphics-def\pdftex.def
File: pdftex.def 2022/09/22 v1.2b Graphics/color driver for pdftex
)
(C:\Users\dever\MikTeX\tex/latex/graphics\mathcolor.ltx)
Package xcolor Info: Model `cmy' substituted by `cmy0' on input line 1350.
Package xcolor Info: Model `hsb' substituted by `rgb' on input line 1354.
Package xcolor Info: Model `RGB' extended on input line 1366.
Package xcolor Info: Model `HTML' substituted by `rgb' on input line 1368.
Package xcolor Info: Model `Hsb' substituted by `hsb' on input line 1369.
Package xcolor Info: Model `tHsb' substituted by `hsb' on input line 1370.
Package xcolor Info: Model `HSB' substituted by `hsb' on input line 1371.
Package xcolor Info: Model `Gray' substituted by `gray' on input line 1372.
Package xcolor Info: Model `wave' substituted by `hsb' on input line 1373.
))
(C:\Users\dever\MikTeX\tex/latex/etoolbox\etoolbox.sty
Package: etoolbox 2020/10/05 v2.5k e-TeX tools for LaTeX (JAW)
\etb@tempcnta=\count277
)
(C:\Users\dever\MikTeX\tex/latex/graphics\graphicx.sty
Package: graphicx 2021/09/16 v1.2d Enhanced LaTeX Graphics (DPC,SPQR)

(C:\Users\dever\MikTeX\tex/latex/graphics\graphics.sty
Package: graphics 2022/03/10 v1.4e Standard LaTeX Graphics (DPC,SPQR)

(C:\Users\dever\MikTeX\tex/latex/graphics\trig.sty
Package: trig 2021/08/11 v1.11 sin cos tan (DPC)
)
(C:\Users\dever\MikTeX\tex/latex/graphics-cfg\graphics.cfg
File: graphics.cfg 2016/06/04 v1.11 sample graphics configuration
)
Package graphics Info: Driver file: pdftex.def on input line 107.
)
\Gin@req@height=\dimen157
\Gin@req@width=\dimen158
)
\AM@pagewidth=\dimen159
\AM@pageheight=\dimen160
\AM@fboxrule=\dimen161

(C:\Users\dever\MikTeX\tex/latex/pdfpages\pppdftex.def
File: pppdftex.def 2025/07/23 v0.6g Pdfpages driver for pdfTeX (AM)
)
\pdfpages@includegraphics@status=\count278
\AM@pagebox=\box53
\AM@global@opts=\toks21
\AM@pagecnt=\count279
\AM@toc@title=\toks22
\AM@lof@heading=\toks23
\c@AM@survey=\count280
\AM@templatesizebox=\box54
)
(C:\Users\dever\MikTeX\tex/latex/amsfonts\amssymb.sty
Package: amssymb 2013/01/14 v3.01 AMS font symbols

(C:\Users\dever\MikTeX\tex/latex/amsfonts\amsfonts.sty
Package: amsfonts 2013/01/14 v3.01 Basic AMSFonts support
\@emptytoks=\toks24
\symAMSa=\mathgroup4
\symAMSb=\mathgroup5
LaTeX Font Info:    Redeclaring math symbol \hbar on input line 98.
LaTeX Font Info:    Overwriting math alphabet `\mathfrak' in version `bold'
(Font)                  U/euf/m/n --> U/euf/b/n on input line 106.
))
(C:\Users\dever\MikTeX\tex/latex/amsmath\amsmath.sty
Package: amsmath 2023/05/13 v2.17o AMS math features
\@mathmargin=\skip69

For additional information on amsmath, use the `?' option.
(C:\Users\dever\MikTeX\tex/latex/amsmath\amstext.sty
Package: amstext 2021/08/26 v2.01 AMS text

(C:\Users\dever\MikTeX\tex/latex/amsmath\amsgen.sty
File: amsgen.sty 1999/11/30 v2.0 generic functions
\@emptytoks=\toks25
\ex@=\dimen162
))
(C:\Users\dever\MikTeX\tex/latex/amsmath\amsbsy.sty
Package: amsbsy 1999/11/29 v1.2d Bold Symbols
\pmbraise@=\dimen163
)
(C:\Users\dever\MikTeX\tex/latex/amsmath\amsopn.sty
Package: amsopn 2022/04/08 v2.04 operator names
)
\inf@bad=\count281
LaTeX Info: Redefining \frac on input line 234.
\uproot@=\count282
\leftroot@=\count283
LaTeX Info: Redefining \overline on input line 399.
LaTeX Info: Redefining \colon on input line 410.
\classnum@=\count284
\DOTSCASE@=\count285
LaTeX Info: Redefining \ldots on input line 496.
LaTeX Info: Redefining \dots on input line 499.
LaTeX Info: Redefining \cdots on input line 620.
\Mathstrutbox@=\box55
\strutbox@=\box56
LaTeX Info: Redefining \big on input line 722.
LaTeX Info: Redefining \Big on input line 723.
LaTeX Info: Redefining \bigg on input line 724.
LaTeX Info: Redefining \Bigg on input line 725.
\big@size=\dimen164
LaTeX Font Info:    Redeclaring font encoding OML on input line 743.
LaTeX Font Info:    Redeclaring font encoding OMS on input line 744.
\macc@depth=\count286
LaTeX Info: Redefining \bmod on input line 905.
LaTeX Info: Redefining \pmod on input line 910.
LaTeX Info: Redefining \smash on input line 940.
LaTeX Info: Redefining \relbar on input line 970.
LaTeX Info: Redefining \Relbar on input line 971.
\c@MaxMatrixCols=\count287
\dotsspace@=\muskip17
\c@parentequation=\count288
\dspbrk@lvl=\count289
\tag@help=\toks26
\row@=\count290
\column@=\count291
\maxfields@=\count292
\andhelp@=\toks27
\eqnshift@=\dimen165
\alignsep@=\dimen166
\tagshift@=\dimen167
\tagwidth@=\dimen168
\totwidth@=\dimen169
\lineht@=\dimen170
\@envbody=\toks28
\multlinegap=\skip70
\multlinetaggap=\skip71
\mathdisplay@stack=\toks29
LaTeX Info: Redefining \[ on input line 2953.
LaTeX Info: Redefining \] on input line 2954.
)
(C:\Users\dever\MikTeX\tex/latex/tools\array.sty
Package: array 2023/10/16 v2.5g Tabular extension package (FMi)
\col@sep=\dimen171
\ar@mcellbox=\box57
\extrarowheight=\dimen172
\NC@list=\toks30
\extratabsurround=\skip72
\backup@length=\skip73
\ar@cellbox=\box58
)
(C:\Users\dever\MikTeX\tex/latex/tools\longtable.sty
Package: longtable 2023-11-01 v4.19 Multi-page Table package (DPC)
\LTleft=\skip74
\LTright=\skip75
\LTpre=\skip76
\LTpost=\skip77
\LTchunksize=\count293
\LTcapwidth=\dimen173
\LT@head=\box59
\LT@firsthead=\box60
\LT@foot=\box61
\LT@lastfoot=\box62
\LT@gbox=\box63
\LT@cols=\count294
\LT@rows=\count295
\c@LT@tables=\count296
\c@LT@chunks=\count297
\LT@p@ftn=\toks31
)
(C:\Users\dever\MikTeX\tex/latex/pdflscape\pdflscape.sty
Package: pdflscape 2022-10-27 v0.13 Display of landscape pages in PDF

(C:\Users\dever\MikTeX\tex/latex/pdflscape\pdflscape-nometadata.sty
Package: pdflscape-nometadata 2022-10-28 v0.13 Display of landscape pages in PD
F (HO)

(C:\Users\dever\MikTeX\tex/latex/graphics\lscape.sty
Package: lscape 2020/05/28 v3.02 Landscape Pages (DPC)
)
Package pdflscape Info: Auto-detected driver: pdftex on input line 81.
))
(C:\Users\dever\MikTeX\tex/latex/hyperref\hyperref.sty
Package: hyperref 2023-11-26 v7.01g Hypertext links for LaTeX

(C:\Users\dever\MikTeX\tex/generic/infwarerr\infwarerr.sty
Package: infwarerr 2019/12/03 v1.5 Providing info/warning/error messages (HO)
)
(C:\Users\dever\MikTeX\tex/latex/kvsetkeys\kvsetkeys.sty
Package: kvsetkeys 2022-10-05 v1.19 Key value parser (HO)
)
(C:\Users\dever\MikTeX\tex/generic/kvdefinekeys\kvdefinekeys.sty
Package: kvdefinekeys 2019-12-19 v1.6 Define keys (HO)
)
(C:\Users\dever\MikTeX\tex/generic/pdfescape\pdfescape.sty
Package: pdfescape 2019/12/09 v1.15 Implements pdfTeX's escape features (HO)

(C:\Users\dever\MikTeX\tex/generic/ltxcmds\ltxcmds.sty
Package: ltxcmds 2023-12-04 v1.26 LaTeX kernel commands for general use (HO)
)
(C:\Users\dever\MikTeX\tex/generic/pdftexcmds\pdftexcmds.sty
Package: pdftexcmds 2020-06-27 v0.33 Utility functions of pdfTeX for LuaTeX (HO
)
Package pdftexcmds Info: \pdf@primitive is available.
Package pdftexcmds Info: \pdf@ifprimitive is available.
Package pdftexcmds Info: \pdfdraftmode found.
))
(C:\Users\dever\MikTeX\tex/latex/hycolor\hycolor.sty
Package: hycolor 2020-01-27 v1.10 Color options for hyperref/bookmark (HO)
)
(C:\Users\dever\MikTeX\tex/latex/letltxmacro\letltxmacro.sty
Package: letltxmacro 2019/12/03 v1.6 Let assignment for LaTeX macros (HO)
)
(C:\Users\dever\MikTeX\tex/latex/auxhook\auxhook.sty
Package: auxhook 2019-12-17 v1.6 Hooks for auxiliary files (HO)
)
(C:\Users\dever\MikTeX\tex/latex/hyperref\nameref.sty
Package: nameref 2023-11-26 v2.56 Cross-referencing by name of section

(C:\Users\dever\MikTeX\tex/latex/refcount\refcount.sty
Package: refcount 2019/12/15 v3.6 Data extraction from label references (HO)
)
(C:\Users\dever\MikTeX\tex/generic/gettitlestring\gettitlestring.sty
Package: gettitlestring 2019/12/15 v1.6 Cleanup title references (HO)

(C:\Users\dever\MikTeX\tex/latex/kvoptions\kvoptions.sty
Package: kvoptions 2022-06-15 v3.15 Key value format for package options (HO)
))
\c@section@level=\count298
)
\@linkdim=\dimen174
\Hy@linkcounter=\count299
\Hy@pagecounter=\count300

(C:\Users\dever\MikTeX\tex/latex/hyperref\pd1enc.def
File: pd1enc.def 2023-11-26 v7.01g Hyperref: PDFDocEncoding definition (HO)
Now handling font encoding PD1 ...
... no UTF-8 mapping file for font encoding PD1
)
(C:\Users\dever\MikTeX\tex/generic/intcalc\intcalc.sty
Package: intcalc 2019/12/15 v1.3 Expandable calculations with integers (HO)
)
\Hy@SavedSpaceFactor=\count301

(C:\Users\dever\MikTeX\tex/latex/hyperref\puenc.def
File: puenc.def 2023-11-26 v7.01g Hyperref: PDF Unicode definition (HO)
Now handling font encoding PU ...
... no UTF-8 mapping file for font encoding PU
)
Package hyperref Info: Option `colorlinks' set `true' on input line 4064.
Package hyperref Info: Hyper figures OFF on input line 4181.
Package hyperref Info: Link nesting OFF on input line 4186.
Package hyperref Info: Hyper index ON on input line 4189.
Package hyperref Info: Plain pages OFF on input line 4196.
Package hyperref Info: Backreferencing OFF on input line 4201.
Package hyperref Info: Implicit mode ON; LaTeX internals redefined.
Package hyperref Info: Bookmarks ON on input line 4448.
\c@Hy@tempcnt=\count302
LaTeX Info: Redefining \url on input line 4786.
\XeTeXLinkMargin=\dimen175

(C:\Users\dever\MikTeX\tex/generic/bitset\bitset.sty
Package: bitset 2019/12/09 v1.3 Handle bit-vector datatype (HO)

(C:\Users\dever\MikTeX\tex/generic/bigintcalc\bigintcalc.sty
Package: bigintcalc 2019/12/15 v1.5 Expandable calculations on big integers (HO
)
))
\Fld@menulength=\count303
\Field@Width=\dimen176
\Fld@charsize=\dimen177
Package hyperref Info: Hyper figures OFF on input line 6065.
Package hyperref Info: Link nesting OFF on input line 6070.
Package hyperref Info: Hyper index ON on input line 6073.
Package hyperref Info: backreferencing OFF on input line 6080.
Package hyperref Info: Link coloring ON on input line 6083.
Package hyperref Info: Link coloring with OCG OFF on input line 6090.
Package hyperref Info: PDF/A mode OFF on input line 6095.

(C:\Users\dever\MikTeX\tex/latex/base\atbegshi-ltx.sty
Package: atbegshi-ltx 2021/01/10 v1.0c Emulation of the original atbegshi
package with kernel methods
)
\Hy@abspage=\count304
\c@Item=\count305
\c@Hfootnote=\count306
)
Package hyperref Info: Driver (autodetected): hpdftex.

(C:\Users\dever\MikTeX\tex/latex/hyperref\hpdftex.def
File: hpdftex.def 2023-11-26 v7.01g Hyperref driver for pdfTeX

(C:\Users\dever\MikTeX\tex/latex/base\atveryend-ltx.sty
Package: atveryend-ltx 2020/08/19 v1.0a Emulation of the original atveryend pac
kage
with kernel methods
)
\Fld@listcount=\count307
\c@bookmark@seq@number=\count308

(C:\Users\dever\MikTeX\tex/latex/rerunfilecheck\rerunfilecheck.sty
Package: rerunfilecheck 2022-07-10 v1.10 Rerun checks for auxiliary files (HO)

(C:\Users\dever\MikTeX\tex/generic/uniquecounter\uniquecounter.sty
Package: uniquecounter 2019/12/15 v1.4 Provide unlimited unique counter (HO)
)
Package uniquecounter Info: New unique counter `rerunfilecheck' on input line 2
85.
)
\Hy@SectionHShift=\skip78
)
(C:\Users\dever\MikTeX\tex/latex/l3backend\l3backend-pdftex.def
File: l3backend-pdftex.def 2024-01-04 L3 backend support: PDF output (pdfTeX)
\l__color_backend_stack_int=\count309
\l__pdf_internal_box=\box64
) (thesis.aux
(abstract.aux) (acknowledgments.aux) (intro.aux) (literature_review.aux)
(methods.aux) (results.aux) (discussion.aux) (appendix2.aux) (appendix3.aux)
(code.aux))
\openout1 = `thesis.aux'.

LaTeX Font Info:    Checking defaults for OML/cmm/m/it on input line 38.
LaTeX Font Info:    ... okay on input line 38.
LaTeX Font Info:    Checking defaults for OMS/cmsy/m/n on input line 38.
LaTeX Font Info:    ... okay on input line 38.
LaTeX Font Info:    Checking defaults for OT1/cmr/m/n on input line 38.
LaTeX Font Info:    ... okay on input line 38.
LaTeX Font Info:    Checking defaults for T1/cmr/m/n on input line 38.
LaTeX Font Info:    ... okay on input line 38.
LaTeX Font Info:    Checking defaults for TS1/cmr/m/n on input line 38.
LaTeX Font Info:    ... okay on input line 38.
LaTeX Font Info:    Checking defaults for OMX/cmex/m/n on input line 38.
LaTeX Font Info:    ... okay on input line 38.
LaTeX Font Info:    Checking defaults for U/cmr/m/n on input line 38.
LaTeX Font Info:    ... okay on input line 38.
LaTeX Font Info:    Checking defaults for PD1/pdf/m/n on input line 38.
LaTeX Font Info:    ... okay on input line 38.
LaTeX Font Info:    Checking defaults for PU/pdf/m/n on input line 38.
LaTeX Font Info:    ... okay on input line 38.

*geometry* driver: auto-detecting
*geometry* detected driver: pdftex
*geometry* verbose mode - [ preamble ] result:
* driver: pdftex
* paper: a4paper
* layout: <same size as paper>
* layoutoffset:(h,v)=(0.0pt,0.0pt)
* modes: 
* h-part:(L,W,R)=(85.35826pt, 455.24411pt, 56.9055pt)
* v-part:(T,H,B)=(56.9055pt, 702.78308pt, 85.35826pt)
* \paperwidth=597.50787pt
* \paperheight=845.04684pt
* \textwidth=455.24411pt
* \textheight=702.78308pt
* \oddsidemargin=13.08827pt
* \evensidemargin=13.08827pt
* \topmargin=-52.36449pt
* \headheight=30.0pt
* \headsep=25.0pt
* \topskip=12.0pt
* \footskip=30.0pt
* \marginparwidth=44.0pt
* \marginparsep=10.0pt
* \columnsep=10.0pt
* \skip\footins=10.8pt plus 4.0pt minus 2.0pt
* \hoffset=0.0pt
* \voffset=0.0pt
* \mag=1000
* \@twocolumnfalse
* \@twosidefalse
* \@mparswitchfalse
* \@reversemarginfalse
* (1in=72.27pt=25.4mm, 1cm=28.453pt)

\c@lstlisting=\count310
(C:\Users\dever\MikTeX\tex/context/base/mkii\supp-pdf.mkii
[Loading MPS to PDF converter (version 2006.09.02).]
\scratchcounter=\count311
\scratchdimen=\dimen178
\scratchbox=\box65
\nofMPsegments=\count312
\nofMParguments=\count313
\everyMPshowfont=\toks32
\MPscratchCnt=\count314
\MPscratchDim=\dimen179
\MPnumerator=\count315
\makeMPintoPDFobject=\count316
\everyMPtoPDFconversion=\toks33
) (C:\Users\dever\MikTeX\tex/latex/epstopdf-pkg\epstopdf-base.sty
Package: epstopdf-base 2020-01-24 v2.11 Base part for package epstopdf
Package epstopdf-base Info: Redefining graphics rule for `.eps' on input line 4
85.

(C:\Users\dever\MikTeX\tex/latex/00miktex\epstopdf-sys.cfg
File: epstopdf-sys.cfg 2021/03/18 v2.0 Configuration of epstopdf for MiKTeX
))
Package hyperref Info: Link coloring ON on input line 38.
 (thesis.out)
(thesis.out)
\@outlinefile=\write3
\openout3 = `thesis.out'.

<UCD_Logo.pdf, id=135, 196.735pt x 286.06876pt>
File: UCD_Logo.pdf Graphic file (type pdf)
<use UCD_Logo.pdf>
Package pdftex.def Info: UCD_Logo.pdf  used on input line 44.
(pdftex.def)             Requested size: 117.40549pt x 170.71652pt.
LaTeX Font Info:    Trying to load font information for U+msa on input line 44.

 (C:\Users\dever\MikTeX\tex/latex/amsfonts\umsa.fd
File: umsa.fd 2013/01/14 v3.01 AMS symbols A
)
LaTeX Font Info:    Trying to load font information for U+msb on input line 44.


(C:\Users\dever\MikTeX\tex/latex/amsfonts\umsb.fd
File: umsb.fd 2013/01/14 v3.01 AMS symbols B
) [1

{C:/Users/dever/AppData/Local/MiKTeX/fonts/map/pdftex/pdftex.map} <./UCD_Logo.p
df>] [2]
\openout2 = `abstract.aux'.

 (abstract.tex
pdfTeX warning (ext4): destination with the same identifier (name{page.i}) has 
been already used, duplicate ignored
<to be read again> 
                   \relax 
l.9 \end{abstract}
                   [1

])
\openout2 = `acknowledgments.aux'.

 (acknowledgments.tex)
pdfTeX warning (ext4): destination with the same identifier (name{page.i}) has 
been already used, duplicate ignored
<to be read again> 
                   \relax 
l.46 \include{acknowledgments}
                               [1




] (thesis.toc
pdfTeX warning (ext4): destination with the same identifier (name{page.ii}) has
 been already used, duplicate ignored
<to be read again> 
                   \relax 
l.29 ...a $ contact-map approach}{17}{section.A.2}
                                                  % [2



])
\tf@toc=\write4
\openout4 = `thesis.toc'.

 [3] (thesis.lof)
\tf@lof=\write5
\openout5 = `thesis.lof'.


[4

] (thesis.lot
Overfull \hbox (1.92204pt too wide) in paragraph at lines 3--3
 [][] [][][]\OT1/cmr/m/n/12 Representative re-ported re-sults from the protein-
-protein and protein--ligand 
 []


Overfull \hbox (4.76749pt too wide) in paragraph at lines 11--11
 [][] [][][]\OT1/cmr/m/n/12 Pooled outer-test sub-group met-rics for the best o
ver-all model (\OT1/cmtt/m/n/12 full[]base[]S\OT1/cmr/m/n/12 ), 
 []

[5

])
\tf@lot=\write6
\openout6 = `thesis.lot'.

 [6]
\openout2 = `intro.aux'.

 (intro.tex
Chapter 1.
) [1



]
\openout2 = `literature_review.aux'.

 (literature_review.tex
Chapter 2.

Overfull \hbox (0.1017pt too wide) in paragraph at lines 12--12
[]\OT1/cmr/bx/n/17.28 Physics-based, em-pir-i-cal, and learned ap-proaches 
 []

[2




]
Underfull \hbox (badness 10000) in paragraph at lines 39--39
[]|\OT1/cmr/m/n/10.95 Protein--
 []


Underfull \hbox (badness 3803) in paragraph at lines 39--39
[]|\OT1/cmr/m/n/10.95 PRODIGY [[],
 []


Underfull \hbox (badness 10000) in paragraph at lines 39--39
[]|\OT1/cmr/m/n/10.95 Interfacial con-tacts
 []


Underfull \hbox (badness 10000) in paragraph at lines 39--39
\OT1/cmr/m/n/10.95 and non-interacting
 []


Underfull \hbox (badness 10000) in paragraph at lines 39--39
\OT1/cmr/m/n/10.95 sur-face de-scrip-tors;
 []


Underfull \hbox (badness 1331) in paragraph at lines 39--39
[]|\OT1/cmr/m/n/10.95 Benchmark set of 79 com-
 []


Underfull \hbox (badness 2197) in paragraph at lines 39--39
\OT1/cmr/m/n/10.95 plexes: $\OML/cmm/m/it/10.95 r \OT1/cmr/m/n/10.95 = 0\OML/cm
m/m/it/10.95 :\OT1/cmr/m/n/10.95 74$, MAE
 []


Underfull \hbox (badness 10000) in paragraph at lines 39--39
[]|\OT1/cmr/m/n/10.95 Protein--
 []


Underfull \hbox (badness 4378) in paragraph at lines 39--39
[]|\OT1/cmr/m/n/10.95 Structure-derived de-
 []


Underfull \hbox (badness 1418) in paragraph at lines 39--39
[]|\OT1/cmr/m/n/10.95 Ensemble re-gres-
 []


Underfull \hbox (badness 1616) in paragraph at lines 39--39
\OML/cmm/m/it/10.95 r \OT1/cmr/m/n/10.95 = 0\OML/cmm/m/it/10.95 :\OT1/cmr/m/n/1
0.95 62$, MAE $1\OML/cmm/m/it/10.95 :\OT1/cmr/m/n/10.95 8$ kcal
 []


Underfull \hbox (badness 1189) in paragraph at lines 39--39
\OT1/cmr/m/n/10.95 mol$[]$; ex-ter-nal 90-complex
 []


Underfull \hbox (badness 10000) in paragraph at lines 39--39
[]|\OT1/cmr/m/n/10.95 Protein--
 []


Underfull \hbox (badness 10000) in paragraph at lines 39--39
[]|\OT1/cmr/m/n/10.95 PPB-Affinity
 []


Underfull \hbox (badness 10000) in paragraph at lines 39--39
\OT1/cmr/m/n/10.95 bench-mark
 []


Underfull \hbox (badness 10000) in paragraph at lines 39--39
\OT1/cmr/m/n/10.95 and pair ge-om-e-try;
 []


Underfull \hbox (badness 10000) in paragraph at lines 39--39
[]|\OT1/cmr/m/n/10.95 IPA-based ge-
 []


Underfull \hbox (badness 10000) in paragraph at lines 39--39
\OT1/cmr/m/n/10.95 o-met-ric deep
 []


Underfull \hbox (badness 10000) in paragraph at lines 39--39
[]|\OT1/cmr/m/n/10.95 Whole-dataset bench-mark:
 []


Underfull \hbox (badness 10000) in paragraph at lines 39--39
[]|\OT1/cmr/m/n/10.95 Protein--
 []


Underfull \hbox (badness 10000) in paragraph at lines 39--39
[]|\OT1/cmr/m/n/10.95 PPI-Graphomer
 []


Underfull \hbox (badness 10000) in paragraph at lines 39--39
[]|\OT1/cmr/m/n/10.95 Pretrained se-
 []


Underfull \hbox (badness 10000) in paragraph at lines 39--39
\OT1/cmr/m/n/10.95 quence/struc-ture
 []


Underfull \hbox (badness 10000) in paragraph at lines 39--39
[]|\OT1/cmr/m/n/10.95 Graph trans-
 []


Underfull \hbox (badness 10000) in paragraph at lines 39--39
[]|\OT1/cmr/m/n/10.95 Protein--
 []


Underfull \hbox (badness 5189) in paragraph at lines 39--39
\OT1/cmr/m/n/10.95 site ten-sor; pocket-
 []


Underfull \hbox (badness 10000) in paragraph at lines 39--39
[]|\OT1/cmr/m/n/10.95 Protein--
 []


Underfull \hbox (badness 10000) in paragraph at lines 39--39
[]|\OT1/cmr/m/n/10.95 Timenucy /
 []


Underfull \hbox (badness 10000) in paragraph at lines 39--39
[]|\OT1/cmr/m/n/10.95 MD tra-jec-to-ries of
 []


Underfull \hbox (badness 10000) in paragraph at lines 39--39
\OT1/cmr/m/n/10.95 protein--ligand com-
 []


Underfull \hbox (badness 2744) in paragraph at lines 39--39
\OT1/cmr/m/n/10.95 plexes; pocket-region
 []


Underfull \hbox (badness 10000) in paragraph at lines 39--39
[]|\OT1/cmr/m/n/10.95 Spatio-temporal
 []

[3]) [4]
\openout2 = `methods.aux'.

 (methods.tex
Chapter 3.
[5




]
Underfull \hbox (badness 7308) in paragraph at lines 37--37
\OT1/cmtt/m/n/10.95 res[]depth\OT1/cmr/m/n/10.95 , \OT1/cmtt/m/n/10.95 hse[]0\O
T1/cmr/m/n/10.95 , \OT1/cmtt/m/n/10.95 hse[]1\OT1/cmr/m/n/10.95 , \OT1/cmtt/m/n
/10.95 hse[]2\OT1/cmr/m/n/10.95 ; lo-
 []


Underfull \hbox (badness 10000) in paragraph at lines 37--37
\OT1/cmr/m/n/10.95 cal residue counts \OT1/cmtt/m/n/10.95 n[]same[]chain[]8A\OT
1/cmr/m/n/10.95 ,
 []


Underfull \hbox (badness 10000) in paragraph at lines 37--37
\OT1/cmtt/m/n/10.95 n[]other[]chain[]8A\OT1/cmr/m/n/10.95 ; 20 amino-acid
 []


Underfull \hbox (badness 10000) in paragraph at lines 37--37
\OT1/cmr/m/n/10.95 one-hot in-di-ca-tors; residue-type flags
 []


Underfull \hbox (badness 10000) in paragraph at lines 37--37
\OT1/cmtt/m/n/10.95 aa[]type[]nonpolar\OT1/cmr/m/n/10.95 , \OT1/cmtt/m/n/10.95 
aa[]type[]polar\OT1/cmr/m/n/10.95 ,
 []


Underfull \hbox (badness 10000) in paragraph at lines 37--37
\OT1/cmtt/m/n/10.95 aa[]type[]charged\OT1/cmr/m/n/10.95 ; physic-o-chem-i-
 []


Underfull \hbox (badness 10000) in paragraph at lines 37--37
\OT1/cmr/m/n/10.95 cal scalars \OT1/cmtt/m/n/10.95 phys[]sidechain[]size\OT1/cm
r/m/n/10.95 ,
 []


Underfull \hbox (badness 10000) in paragraph at lines 37--37
\OT1/cmtt/m/n/10.95 phys[]net[]charge\OT1/cmr/m/n/10.95 , \OT1/cmtt/m/n/10.95 p
hys[]hydrophobicity\OT1/cmr/m/n/10.95 ,
 []


Underfull \hbox (badness 10000) in paragraph at lines 37--37
\OT1/cmtt/m/n/10.95 phys[]alpha[]propensity\OT1/cmr/m/n/10.95 ,
 []


Underfull \hbox (badness 10000) in paragraph at lines 37--37
\OT1/cmtt/m/n/10.95 phys[]beta[]propensity\OT1/cmr/m/n/10.95 ; ter-mi-nus flags

 []


Underfull \hbox (badness 10000) in paragraph at lines 37--38
[]|\OT1/cmtt/m/n/10.95 distance\OT1/cmr/m/n/10.95 , \OT1/cmtt/m/n/10.95 same[]c
hain\OT1/cmr/m/n/10.95 ,
 []


Underfull \hbox (badness 10000) in paragraph at lines 37--38
\OT1/cmtt/m/n/10.95 electrostatic\OT1/cmr/m/n/10.95 ,
 []


Underfull \hbox (badness 10000) in paragraph at lines 39--39
[]|\OT1/cmr/m/n/10.95 Hydration and flex-i-bil-ity sum-maries
 []


Underfull \hbox (badness 10000) in paragraph at lines 39--39
\OT1/cmtt/m/n/10.95 dyn[]log1p[]water[]count[]5A[]mean\OT1/cmr/m/n/10.95 ,
 []


Underfull \hbox (badness 10000) in paragraph at lines 39--39
\OT1/cmtt/m/n/10.95 dyn[]water[]count[]5A[]std\OT1/cmr/m/n/10.95 , \OT1/cmtt/m/
n/10.95 dyn[]rmsf[]ca\OT1/cmr/m/n/10.95 ;
 []


Underfull \hbox (badness 10000) in paragraph at lines 39--39
\OT1/cmr/m/n/10.95 tor-sion sum-maries \OT1/cmtt/m/n/10.95 dyn[]sin[]phi[]mean\
OT1/cmr/m/n/10.95 ,
 []


Underfull \hbox (badness 10000) in paragraph at lines 39--39
\OT1/cmtt/m/n/10.95 dyn[]cos[]phi[]mean\OT1/cmr/m/n/10.95 , \OT1/cmtt/m/n/10.95
 dyn[]sin[]psi[]mean\OT1/cmr/m/n/10.95 ,
 []


Underfull \hbox (badness 10000) in paragraph at lines 39--39
\OT1/cmtt/m/n/10.95 dyn[]cos[]psi[]mean\OT1/cmr/m/n/10.95 ; force-proxy
 []


Underfull \hbox (badness 10000) in paragraph at lines 39--39
\OT1/cmr/m/n/10.95 sum-maries \OT1/cmtt/m/n/10.95 dyn[]coul[]force[]mean\OT1/cm
r/m/n/10.95 ,
 []


Underfull \hbox (badness 6691) in paragraph at lines 39--39
\OT1/cmtt/m/n/10.95 dyn[]coul[]force[]std\OT1/cmr/m/n/10.95 , \OT1/cmtt/m/n/10.
95 dyn[]lj[]force[]mean\OT1/cmr/m/n/10.95 ,
 []


Underfull \hbox (badness 10000) in paragraph at lines 39--40
[]|\OT1/cmtt/m/n/10.95 dyn[]contact[]freq[]8A\OT1/cmr/m/n/10.95 ,
 []


Underfull \hbox (badness 10000) in paragraph at lines 39--40
\OT1/cmtt/m/n/10.95 dyn[]dist[]mean\OT1/cmr/m/n/10.95 ,
 []


Overfull \hbox (3.45671pt too wide) in paragraph at lines 33--42
 [][] 
 []

[6] [7]
Underfull \hbox (badness 10000) in paragraph at lines 79--80
[]|\OT1/cmr/m/n/10.95 Reconstructed edge
 []


Underfull \hbox (badness 10000) in paragraph at lines 81--81
[]|\OT1/cmtt/m/n/10.95 bsa\OT1/cmr/m/n/10.95 , \OT1/cmtt/m/n/10.95 sasa\OT1/cmr
/m/n/10.95 , \OT1/cmtt/m/n/10.95 res[]depth\OT1/cmr/m/n/10.95 , \OT1/cmtt/m/n/1
0.95 hse[]0\OT1/cmr/m/n/10.95 ,
 []


Underfull \hbox (badness 10000) in paragraph at lines 81--81
\OT1/cmtt/m/n/10.95 hse[]1\OT1/cmr/m/n/10.95 , \OT1/cmtt/m/n/10.95 hse[]2\OT1/c
mr/m/n/10.95 , \OT1/cmtt/m/n/10.95 n[]same[]chain[]8A\OT1/cmr/m/n/10.95 ,
 []


Underfull \hbox (badness 10000) in paragraph at lines 83--83
[]|\OT1/cmtt/m/n/10.95 dyn[]log1p[]water[]count[]5A[]mean\OT1/cmr/m/n/10.95 ,
 []


Underfull \hbox (badness 6961) in paragraph at lines 83--83
\OT1/cmtt/m/n/10.95 dyn[]water[]count[]5A[]std\OT1/cmr/m/n/10.95 , \OT1/cmtt/m/
n/10.95 dyn[]rmsf[]ca\OT1/cmr/m/n/10.95 ,
 []


Underfull \hbox (badness 10000) in paragraph at lines 83--83
\OT1/cmtt/m/n/10.95 dyn[]sin[]phi[]mean\OT1/cmr/m/n/10.95 , \OT1/cmtt/m/n/10.95
 dyn[]cos[]phi[]mean\OT1/cmr/m/n/10.95 ,
 []


Underfull \hbox (badness 10000) in paragraph at lines 83--83
\OT1/cmtt/m/n/10.95 dyn[]sin[]psi[]mean\OT1/cmr/m/n/10.95 , \OT1/cmtt/m/n/10.95
 dyn[]cos[]psi[]mean\OT1/cmr/m/n/10.95 ,
 []


Underfull \hbox (badness 10000) in paragraph at lines 83--83
\OT1/cmtt/m/n/10.95 dyn[]coul[]force[]mean\OT1/cmr/m/n/10.95 ,
 []


Underfull \hbox (badness 10000) in paragraph at lines 83--83
\OT1/cmtt/m/n/10.95 dyn[]coul[]force[]std\OT1/cmr/m/n/10.95 ,
 []


Overfull \hbox (5.00775pt too wide) in paragraph at lines 83--84
[]|\OT1/cmtt/m/n/10.95 dyn[]contact[]freq[]8A\OT1/cmr/m/n/10.95 ,
 []


Underfull \hbox (badness 10000) in paragraph at lines 83--84
\OT1/cmtt/m/n/10.95 dyn[]dist[]mean\OT1/cmr/m/n/10.95 ,
 []


Underfull \hbox (badness 10000) in paragraph at lines 83--84
\OT1/cmtt/m/n/10.95 dyn[]dist[]std \OT1/cmr/m/n/10.95 when
 []


Overfull \hbox (54.82364pt too wide) in paragraph at lines 85--85
[]|\OT1/cmtt/m/n/10.95 sd[]static[]plus[]dynamic[]all| 
 []


Underfull \hbox (badness 10000) in paragraph at lines 85--85
[]|\OT1/cmr/m/n/10.95 Union of \OT1/cmtt/m/n/10.95 shared[]static \OT1/cmr/m/n/
10.95 and
 []


Underfull \hbox (badness 2426) in paragraph at lines 85--86
[]|\OT1/cmr/m/n/10.95 Union of \OT1/cmtt/m/n/10.95 distance
 []


Underfull \hbox (badness 8000) in paragraph at lines 85--86
\OT1/cmr/m/n/10.95 and dy-namic edge
 []


Underfull \hbox (badness 1609) in paragraph at lines 88--88
[]\OT1/cmr/m/n/12 Table 3.2: []Masked re-con-struc-tion tar-gets used by the Gr
aph-VAE. All $\OML/cmm/m/it/12 S$ \OT1/cmr/m/n/12 runs
 []


Underfull \hbox (badness 2591) in paragraph at lines 88--88
\OT1/cmr/m/n/12 used \OT1/cmtt/m/n/12 shared[]static\OT1/cmr/m/n/12 . All $\OML
/cmm/m/it/12 SD$ \OT1/cmr/m/n/12 runs used \OT1/cmtt/m/n/12 shared[]static\OT1/
cmr/m/n/12 , \OT1/cmtt/m/n/12 sd[]dynamic[]all\OT1/cmr/m/n/12 , or
 []

[8] [9]) [10]
\openout2 = `results.aux'.

 (results.tex
Chapter 4.

Underfull \hbox (badness 1742) in paragraph at lines 26--26
[]|\OT1/cmr/m/n/10.95 Full Graph-VAE, $\OML/cmm/m/it/10.95 SD$\OT1/cmr/m/n/10.9
5 , semi,
 []


Overfull \hbox (5.22678pt too wide) in paragraph at lines 35--36
\OT1/cmr/m/n/12 matched Graph-VAE com-par-isons. Un-der the static re-con-struc
-tion tar-get (\OT1/cmtt/m/n/12 shared[]static\OT1/cmr/m/n/12 ),
 []


Overfull \hbox (0.796pt too wide) in paragraph at lines 58--59
\OT1/cmtt/m/n/12 shared[]static\OT1/cmr/m/n/12 , 2.4795 for \OT1/cmtt/m/n/12 sd
[]static[]plus[]dynamic[]all\OT1/cmr/m/n/12 , and 2.5150 for \OT1/cmtt/m/n/12 s
d[]dynamic[]all\OT1/cmr/m/n/12 .
 []

[11




]
Underfull \hbox (badness 7081) in paragraph at lines 84--84
[]|\OT1/cmr/m/n/10.95 Interface VAE semi
 []

) [12] [13]
\openout2 = `discussion.aux'.

 (discussion.tex
Chapter 5.

Overfull \hbox (3.08487pt too wide) in paragraph at lines 14--15
\OT1/cmr/m/n/12 test pre-dic-tions, the best over-all model (\OT1/cmtt/m/n/12 f
ull[]base[]S\OT1/cmr/m/n/12 ) gave Pear-son $\OML/cmm/m/it/12 r \OT1/cmr/m/n/12
 = 0\OML/cmm/m/it/12 :\OT1/cmr/m/n/12 292$ on antibody--
 []

[14




]) [15]
\openout2 = `appendix2.aux'.

 (appendix2.tex
Appendix A.
[16




]
Overfull \hbox (130.89745pt too wide) in paragraph at lines 41--49
 [][] 
 []


Package hyperref Warning: Token not allowed in a PDF string (Unicode):
(hyperref)                removing `math shift' on input line 83.


Package hyperref Warning: Token not allowed in a PDF string (Unicode):
(hyperref)                removing `\alpha' on input line 83.


Package hyperref Warning: Token not allowed in a PDF string (Unicode):
(hyperref)                removing `math shift' on input line 83.

[17] [18])
Overfull \hbox (9.33301pt too wide) in paragraph at lines 123--66
\OT1/cmr/m/n/12 set se-lec-tion, diverse-sample con-struc-tion, and older clean
-ing steps for in-ter-me-di-ate datasets.
 []

[19]
\openout2 = `appendix3.aux'.

 (appendix3.tex
Appendix B.

Overfull \hbox (2.45786pt too wide) in paragraph at lines 4--5
\OT1/cmr/m/n/12 The machine-readable ver-sion is avail-able in $\OT1/cmtt/m/n/1
2 RESULTS / final _ resample _ matrix _ summary .
 []

[20




]
Underfull \hbox (badness 10000) in alignment at lines 10--15
[] [] [] [] [] [] [] [] [] []
 []


Underfull \hbox (badness 10000) in alignment at lines 15--19
[] [] [] [] [] [] [] [] [] []
 []


Underfull \hbox (badness 10000) in alignment at lines 19--73
[] [] [] [] [] [] [] [] [] []
 []

[21

] [22])
\openout2 = `code.aux'.

 (code.tex
Appendix C.

Overfull \hbox (13.7371pt too wide) in paragraph at lines 4--5
\OT1/cmr/m/n/12 The source code for this the-sis is hosted at [][]$\OT1/cmtt/m/
n/12 https : / / github . com / RohanDevereux / Bridging$[][]\OT1/cmr/m/n/12 .
 []


Overfull \hbox (5.30756pt too wide) in paragraph at lines 4--5
\OT1/cmr/m/n/12 Graph-VAE, su-per-vised base-line, and latent-ridge eval-u-a-ti
on code are un-der $\OT1/cmtt/m/n/12 src / bridging /
 []

)
Overfull \hbox (12.63055pt too wide) in paragraph at lines 6--70
[]\OT1/cmr/m/n/12 The cu-rated datasets used in the main pipeline are un-der $\
OT1/cmtt/m/n/12 src / bridging / processedData$\OT1/cmr/m/n/12 .
 []


Overfull \hbox (19.06013pt too wide) in paragraph at lines 6--70
\OT1/cmtt/m/n/12 tools / export _ final _ resample _ subgroups . py$\OT1/cmr/m/
n/12 . Archived branches dis-cussed in Ap-pendix [][]A[][]
 []

[23





] (thesis.bbl [24



] [25] [26]) [27] (thesis.aux (abstract.aux)
(acknowledgments.aux) (intro.aux) (literature_review.aux) (methods.aux)
(results.aux) (discussion.aux) (appendix2.aux) (appendix3.aux) (code.aux))
 ***********
LaTeX2e <2023-11-01> patch level 1
L3 programming layer <2024-01-04>
 ***********
Package rerunfilecheck Info: File `thesis.out' has not changed.
(rerunfilecheck)             Checksum: 0510C3D919B1C50763181EEBD4824717;6438.
 ) 
Here is how much of TeX's memory you used:
 14285 strings out of 474486
 220394 string characters out of 5754542
 1973542 words of memory out of 5000000
 36189 multiletter control sequences out of 15000+600000
 571263 words of font info for 88 fonts, out of 8000000 for 9000
 1141 hyphenation exceptions out of 8191
 75i,15n,79p,1182b,614s stack positions out of 10000i,1000n,20000p,200000b,200000s
<C:/Users/dever/MikTeX/fonts/type1/public/amsfonts/cm/cmbx12.pfb><C:/Users/de
ver/MikTeX/fonts/type1/public/amsfonts/cm/cmmi10.pfb><C:/Users/dever/MikTeX/fon
ts/type1/public/amsfonts/cm/cmmi12.pfb><C:/Users/dever/MikTeX/fonts/type1/publi
c/amsfonts/cm/cmmi8.pfb><C:/Users/dever/MikTeX/fonts/type1/public/amsfonts/cm/c
mr10.pfb><C:/Users/dever/MikTeX/fonts/type1/public/amsfonts/cm/cmr12.pfb><C:/Us
ers/dever/MikTeX/fonts/type1/public/amsfonts/cm/cmr6.pfb><C:/Users/dever/MikTeX
/fonts/type1/public/amsfonts/cm/cmr8.pfb><C:/Users/dever/MikTeX/fonts/type1/pub
lic/amsfonts/cm/cmsy10.pfb><C:/Users/dever/MikTeX/fonts/type1/public/amsfonts/c
m/cmsy8.pfb><C:/Users/dever/MikTeX/fonts/type1/public/amsfonts/cm/cmti12.pfb><C
:/Users/dever/MikTeX/fonts/type1/public/amsfonts/cm/cmtt10.pfb><C:/Users/dever/
MikTeX/fonts/type1/public/amsfonts/cm/cmtt12.pfb>
Output written on thesis.pdf (36 pages, 348476 bytes).
PDF statistics:
 607 PDF objects out of 1000 (max. 8388607)
 117 named destinations out of 1000 (max. 500000)
 270 words of extra memory for PDF output out of 10000 (max. 10000000)

