\BOOKMARK [0][-]{chapter.1}{\376\377\000I\000n\000t\000r\000o\000d\000u\000c\000t\000i\000o\000n}{}% 1
\BOOKMARK [1][-]{section.1.1}{\376\377\000P\000r\000o\000b\000l\000e\000m\000\040\000s\000e\000t\000t\000i\000n\000g\000\040\000a\000n\000d\000\040\000m\000o\000t\000i\000v\000a\000t\000i\000o\000n}{chapter.1}% 2
\BOOKMARK [1][-]{section.1.2}{\376\377\000R\000e\000s\000e\000a\000r\000c\000h\000\040\000q\000u\000e\000s\000t\000i\000o\000n\000s\000\040\000a\000n\000d\000\040\000s\000c\000o\000p\000e}{chapter.1}% 3
\BOOKMARK [1][-]{section.1.3}{\376\377\000C\000o\000n\000t\000r\000i\000b\000u\000t\000i\000o\000n\000\040\000o\000f\000\040\000t\000h\000e\000\040\000t\000h\000e\000s\000i\000s}{chapter.1}% 4
\BOOKMARK [1][-]{section.1.4}{\376\377\000T\000h\000e\000s\000i\000s\000\040\000s\000t\000r\000u\000c\000t\000u\000r\000e}{chapter.1}% 5
\BOOKMARK [0][-]{chapter.2}{\376\377\000L\000i\000t\000e\000r\000a\000t\000u\000r\000e\000\040\000R\000e\000v\000i\000e\000w}{}% 6
\BOOKMARK [1][-]{section.2.1}{\376\377\000P\000r\000o\000t\000e\000i\000n\040\023\000p\000r\000o\000t\000e\000i\000n\000\040\000a\000f\000f\000i\000n\000i\000t\000y\000\040\000p\000r\000e\000d\000i\000c\000t\000i\000o\000n\000\040\000a\000s\000\040\000a\000\040\000d\000i\000s\000t\000i\000n\000c\000t\000\040\000m\000o\000d\000e\000l\000l\000i\000n\000g\000\040\000p\000r\000o\000b\000l\000e\000m}{chapter.2}% 7
\BOOKMARK [1][-]{section.2.2}{\376\377\000P\000h\000y\000s\000i\000c\000s\000-\000b\000a\000s\000e\000d\000\040\000r\000o\000u\000t\000e\000s\000\040\000t\000o\000\040\000b\000i\000n\000d\000i\000n\000g\000\040\000f\000r\000e\000e\000\040\000e\000n\000e\000r\000g\000i\000e\000s}{chapter.2}% 8
\BOOKMARK [1][-]{section.2.3}{\376\377\000E\000m\000p\000i\000r\000i\000c\000a\000l\000\040\000a\000n\000d\000\040\000l\000e\000a\000r\000n\000e\000d\000\040\000s\000t\000r\000u\000c\000t\000u\000r\000e\000-\000b\000a\000s\000e\000d\000\040\000a\000f\000f\000i\000n\000i\000t\000y\000\040\000m\000o\000d\000e\000l\000s}{chapter.2}% 9
\BOOKMARK [1][-]{section.2.4}{\376\377\000W\000h\000y\000\040\000t\000h\000e\000\040\000p\000r\000o\000t\000e\000i\000n\040\023\000l\000i\000g\000a\000n\000d\000\040\000l\000i\000t\000e\000r\000a\000t\000u\000r\000e\000\040\000i\000s\000\040\000a\000h\000e\000a\000d}{chapter.2}% 10
\BOOKMARK [1][-]{section.2.5}{\376\377\000V\000a\000r\000i\000a\000t\000i\000o\000n\000a\000l\000\040\000a\000u\000t\000o\000e\000n\000c\000o\000d\000e\000r\000s\000\040\000i\000n\000\040\000m\000o\000l\000e\000c\000u\000l\000a\000r\000\040\000a\000n\000d\000\040\000s\000t\000r\000u\000c\000t\000u\000r\000a\000l\000\040\000l\000e\000a\000r\000n\000i\000n\000g}{chapter.2}% 11
\BOOKMARK [1][-]{section.2.6}{\376\377\000W\000h\000e\000r\000e\000\040\000t\000h\000i\000s\000\040\000t\000h\000e\000s\000i\000s\000\040\000f\000i\000t\000s}{chapter.2}% 12
\BOOKMARK [0][-]{chapter.3}{\376\377\000B\000a\000c\000k\000g\000r\000o\000u\000n\000d\000\040\000a\000n\000d\000\040\000T\000h\000e\000o\000r\000e\000t\000i\000c\000a\000l\000\040\000C\000o\000n\000t\000e\000x\000t}{}% 13
\BOOKMARK [1][-]{section.3.1}{\376\377\000P\000r\000o\000t\000e\000i\000n\040\023\000p\000r\000o\000t\000e\000i\000n\000\040\000b\000i\000n\000d\000i\000n\000g\000\040\000a\000f\000f\000i\000n\000i\000t\000y\000\040\000a\000s\000\040\000a\000\040\000l\000e\000a\000r\000n\000i\000n\000g\000\040\000t\000a\000r\000g\000e\000t}{chapter.3}% 14
\BOOKMARK [1][-]{section.3.2}{\376\377\000W\000h\000y\000\040\000m\000o\000l\000e\000c\000u\000l\000a\000r\000\040\000d\000y\000n\000a\000m\000i\000c\000s\000\040\000m\000a\000y\000\040\000a\000d\000d\000\040\000i\000n\000f\000o\000r\000m\000a\000t\000i\000o\000n}{chapter.3}% 15
\BOOKMARK [1][-]{section.3.3}{\376\377\000R\000e\000s\000i\000d\000u\000e\000\040\000g\000r\000a\000p\000h\000s\000\040\000a\000s\000\040\000r\000e\000p\000r\000e\000s\000e\000n\000t\000a\000t\000i\000o\000n\000s\000\040\000o\000f\000\040\000p\000r\000o\000t\000e\000i\000n\000\040\000c\000o\000m\000p\000l\000e\000x\000e\000s}{chapter.3}% 16
\BOOKMARK [1][-]{section.3.4}{\376\377\000G\000r\000a\000p\000h\000\040\000n\000e\000u\000r\000a\000l\000\040\000n\000e\000t\000w\000o\000r\000k\000s\000\040\000a\000n\000d\000\040\000m\000e\000s\000s\000a\000g\000e\000\040\000p\000a\000s\000s\000i\000n\000g}{chapter.3}% 17
\BOOKMARK [1][-]{section.3.5}{\376\377\000V\000a\000r\000i\000a\000t\000i\000o\000n\000a\000l\000\040\000a\000u\000t\000o\000e\000n\000c\000o\000d\000e\000r\000s\000\040\000a\000n\000d\000\040\000m\000a\000s\000k\000e\000d\000\040\000r\000e\000c\000o\000n\000s\000t\000r\000u\000c\000t\000i\000o\000n}{chapter.3}% 18
\BOOKMARK [1][-]{section.3.6}{\376\377\000W\000h\000y\000\040\000r\000e\000p\000e\000a\000t\000e\000d\000\040\000o\000u\000t\000e\000r\000\040\000r\000e\000s\000a\000m\000p\000l\000i\000n\000g\000\040\000m\000a\000t\000t\000e\000r\000s}{chapter.3}% 19
\BOOKMARK [0][-]{chapter.4}{\376\377\000M\000e\000t\000h\000o\000d\000s}{}% 20
\BOOKMARK [1][-]{section.4.1}{\376\377\000D\000a\000t\000a\000s\000e\000t\000\040\000c\000u\000r\000a\000t\000i\000o\000n\000\040\000a\000n\000d\000\040\000a\000f\000f\000i\000n\000i\000t\000y\000\040\000l\000a\000b\000e\000l\000s}{chapter.4}% 21
\BOOKMARK [1][-]{section.4.2}{\376\377\000M\000o\000l\000e\000c\000u\000l\000a\000r\000\040\000d\000y\000n\000a\000m\000i\000c\000s\000\040\000s\000y\000s\000t\000e\000m\000\040\000p\000r\000e\000p\000a\000r\000a\000t\000i\000o\000n}{chapter.4}% 22
\BOOKMARK [1][-]{section.4.3}{\376\377\000M\000o\000l\000e\000c\000u\000l\000a\000r\000\040\000d\000y\000n\000a\000m\000i\000c\000s\000\040\000p\000r\000o\000t\000o\000c\000o\000l}{chapter.4}% 23
\BOOKMARK [1][-]{section.4.4}{\376\377\000R\000e\000s\000i\000d\000u\000e\000-\000g\000r\000a\000p\000h\000\040\000c\000o\000n\000s\000t\000r\000u\000c\000t\000i\000o\000n}{chapter.4}% 24
\BOOKMARK [1][-]{section.4.5}{\376\377\000M\000o\000l\000e\000c\000u\000l\000a\000r\000\040\000d\000y\000n\000a\000m\000i\000c\000s\000-\000d\000e\000r\000i\000v\000e\000d\000\040\000n\000o\000d\000e\000\040\000a\000n\000d\000\040\000e\000d\000g\000e\000\040\000f\000e\000a\000t\000u\000r\000e\000s}{chapter.4}% 25
\BOOKMARK [1][-]{section.4.6}{\376\377\000A\000p\000p\000r\000o\000x\000i\000m\000a\000t\000e\000\040\000i\000n\000t\000e\000r\000-\000c\000h\000a\000i\000n\000\040\000f\000o\000r\000c\000e\000\040\000f\000e\000a\000t\000u\000r\000e\000s}{chapter.4}% 26
\BOOKMARK [1][-]{section.4.7}{\376\377\000G\000r\000a\000p\000h\000\040\000v\000i\000e\000w\000s\000\040\000a\000n\000d\000\040\000m\000a\000t\000c\000h\000e\000d\000\040\000a\000n\000a\000l\000y\000s\000i\000s\000\040\000s\000u\000b\000s\000e\000t}{chapter.4}% 27
\BOOKMARK [1][-]{section.4.8}{\376\377\000F\000e\000a\000t\000u\000r\000e\000\040\000m\000o\000d\000e\000s\000\040\000a\000n\000d\000\040\000p\000r\000e\000p\000r\000o\000c\000e\000s\000s\000i\000n\000g}{chapter.4}% 28
\BOOKMARK [1][-]{section.4.9}{\376\377\000M\000a\000s\000k\000e\000d\000\040\000g\000r\000a\000p\000h\000\040\000v\000a\000r\000i\000a\000t\000i\000o\000n\000a\000l\000\040\000a\000u\000t\000o\000e\000n\000c\000o\000d\000e\000r}{chapter.4}% 29
\BOOKMARK [1][-]{section.4.10}{\376\377\000D\000i\000r\000e\000c\000t\000\040\000s\000u\000p\000e\000r\000v\000i\000s\000e\000d\000\040\000b\000a\000s\000e\000l\000i\000n\000e}{chapter.4}% 30
\BOOKMARK [1][-]{section.4.11}{\376\377\000L\000a\000t\000e\000n\000t\000-\000s\000p\000a\000c\000e\000\040\000r\000e\000g\000r\000e\000s\000s\000i\000o\000n\000\040\000a\000n\000d\000\040\000f\000i\000n\000a\000l\000\040\000V\000A\000E\000\040\000e\000v\000a\000l\000u\000a\000t\000i\000o\000n}{chapter.4}% 31
\BOOKMARK [1][-]{section.4.12}{\376\377\000R\000e\000p\000e\000a\000t\000e\000d\000\040\000o\000u\000t\000e\000r\000\040\000r\000e\000s\000a\000m\000p\000l\000i\000n\000g\000\040\000a\000n\000d\000\040\000m\000o\000d\000e\000l\000\040\000m\000a\000t\000r\000i\000x}{chapter.4}% 32
\BOOKMARK [1][-]{section.4.13}{\376\377\000E\000v\000a\000l\000u\000a\000t\000i\000o\000n\000\040\000m\000e\000t\000r\000i\000c\000s}{chapter.4}% 33
\BOOKMARK [0][-]{chapter.5}{\376\377\000R\000e\000s\000u\000l\000t\000s}{}% 34
\BOOKMARK [1][-]{section.5.1}{\376\377\000H\000e\000a\000d\000l\000i\000n\000e\000\040\000m\000o\000d\000e\000l\000\040\000p\000e\000r\000f\000o\000r\000m\000a\000n\000c\000e}{chapter.5}% 35
\BOOKMARK [1][-]{section.5.2}{\376\377\000E\000f\000f\000e\000c\000t\000\040\000o\000f\000\040\000g\000r\000a\000p\000h\000\040\000v\000i\000e\000w\000:\000\040\000f\000u\000l\000l\000\040\000v\000e\000r\000s\000u\000s\000\040\000i\000n\000t\000e\000r\000f\000a\000c\000e}{chapter.5}% 36
\BOOKMARK [1][-]{section.5.3}{\376\377\000E\000f\000f\000e\000c\000t\000\040\000o\000f\000\040\000d\000y\000n\000a\000m\000i\000c\000\040\000f\000e\000a\000t\000u\000r\000e\000s\000:\000\040\000S\000\040\000v\000e\000r\000s\000u\000s\000\040\000S\000D}{chapter.5}% 37
\BOOKMARK [1][-]{section.5.4}{\376\377\000E\000f\000f\000e\000c\000t\000\040\000o\000f\000\040\000s\000u\000p\000e\000r\000v\000i\000s\000i\000o\000n}{chapter.5}% 38
\BOOKMARK [1][-]{section.5.5}{\376\377\000E\000f\000f\000e\000c\000t\000\040\000o\000f\000\040\000r\000e\000c\000o\000n\000s\000t\000r\000u\000c\000t\000i\000o\000n\000\040\000t\000a\000r\000g\000e\000t\000\040\000p\000o\000l\000i\000c\000y}{chapter.5}% 39
\BOOKMARK [1][-]{section.5.6}{\376\377\000O\000v\000e\000r\000f\000i\000t\000t\000i\000n\000g\000\040\000a\000n\000d\000\040\000t\000r\000a\000i\000n\040\023\000v\000a\000l\000i\000d\000a\000t\000i\000o\000n\040\023\000t\000e\000s\000t\000\040\000b\000e\000h\000a\000v\000i\000o\000u\000r}{chapter.5}% 40
\BOOKMARK [1][-]{section.5.7}{\376\377\000S\000u\000m\000m\000a\000r\000y\000\040\000o\000f\000\040\000e\000m\000p\000i\000r\000i\000c\000a\000l\000\040\000c\000o\000n\000c\000l\000u\000s\000i\000o\000n\000s}{chapter.5}% 41
\BOOKMARK [0][-]{chapter.6}{\376\377\000D\000i\000s\000c\000u\000s\000s\000i\000o\000n\000\040\000a\000n\000d\000\040\000C\000o\000n\000c\000l\000u\000s\000i\000o\000n\000s}{}% 42
\BOOKMARK [1][-]{section.6.1}{\376\377\000P\000r\000i\000n\000c\000i\000p\000a\000l\000\040\000f\000i\000n\000d\000i\000n\000g\000s}{chapter.6}% 43
\BOOKMARK [1][-]{section.6.2}{\376\377\000W\000h\000y\000\040\000t\000h\000e\000\040\000f\000u\000l\000l\000\040\000g\000r\000a\000p\000h\000\040\000o\000u\000t\000p\000e\000r\000f\000o\000r\000m\000e\000d\000\040\000t\000h\000e\000\040\000i\000n\000t\000e\000r\000f\000a\000c\000e\000\040\000g\000r\000a\000p\000h}{chapter.6}% 44
\BOOKMARK [1][-]{section.6.3}{\376\377\000W\000h\000y\000\040\000t\000h\000e\000\040\000p\000r\000e\000s\000e\000n\000t\000\040\000d\000y\000n\000a\000m\000i\000c\000\040\000f\000e\000a\000t\000u\000r\000e\000s\000\040\000d\000i\000d\000\040\000n\000o\000t\000\040\000h\000e\000l\000p}{chapter.6}% 45
\BOOKMARK [1][-]{section.6.4}{\376\377\000W\000h\000y\000\040\000t\000h\000e\000\040\000d\000i\000r\000e\000c\000t\000\040\000s\000u\000p\000e\000r\000v\000i\000s\000e\000d\000\040\000b\000a\000s\000e\000l\000i\000n\000e\000\040\000w\000a\000s\000\040\000s\000t\000r\000o\000n\000g\000e\000s\000t}{chapter.6}% 46
\BOOKMARK [1][-]{section.6.5}{\376\377\000W\000h\000a\000t\000\040\000t\000h\000e\000\040\000t\000r\000a\000i\000n\040\023\000v\000a\000l\000i\000d\000a\000t\000i\000o\000n\040\023\000t\000e\000s\000t\000\040\000b\000e\000h\000a\000v\000i\000o\000u\000r\000\040\000s\000h\000o\000w\000s}{chapter.6}% 47
\BOOKMARK [1][-]{section.6.6}{\376\377\000L\000i\000m\000i\000t\000a\000t\000i\000o\000n\000s\000\040\000a\000n\000d\000\040\000t\000h\000r\000e\000a\000t\000s\000\040\000t\000o\000\040\000v\000a\000l\000i\000d\000i\000t\000y}{chapter.6}% 48
\BOOKMARK [1][-]{section.6.7}{\376\377\000F\000u\000t\000u\000r\000e\000\040\000w\000o\000r\000k}{chapter.6}% 49
\BOOKMARK [1][-]{section.6.8}{\376\377\000C\000o\000n\000c\000l\000u\000s\000i\000o\000n}{chapter.6}% 50
\BOOKMARK [0][-]{appendix.A}{\376\377\000S\000u\000p\000p\000l\000e\000m\000e\000n\000t\000a\000r\000y\000\040\000T\000e\000c\000h\000n\000i\000c\000a\000l\000\040\000B\000a\000c\000k\000g\000r\000o\000u\000n\000d}{}% 51
\BOOKMARK [1][-]{section.A.1}{\376\377\000M\000o\000l\000e\000c\000u\000l\000a\000r\000\040\000d\000y\000n\000a\000m\000i\000c\000s\000\040\000i\000n\000\040\000p\000l\000a\000i\000n\000\040\000t\000e\000r\000m\000s}{appendix.A}% 52
\BOOKMARK [1][-]{section.A.2}{\376\377\000R\000e\000s\000i\000d\000u\000e\000\040\000g\000r\000a\000p\000h\000s\000\040\000a\000n\000d\000\040\000g\000r\000a\000p\000h\000\040\000n\000e\000u\000r\000a\000l\000\040\000n\000e\000t\000w\000o\000r\000k\000s\000\040\000i\000n\000\040\000p\000l\000a\000i\000n\000\040\000t\000e\000r\000m\000s}{appendix.A}% 53
\BOOKMARK [1][-]{section.A.3}{\376\377\000V\000a\000r\000i\000a\000t\000i\000o\000n\000a\000l\000\040\000a\000u\000t\000o\000e\000n\000c\000o\000d\000e\000r\000s\000\040\000i\000n\000\040\000p\000l\000a\000i\000n\000\040\000t\000e\000r\000m\000s}{appendix.A}% 54
\BOOKMARK [1][-]{section.A.4}{\376\377\000W\000h\000y\000\040\000u\000s\000e\000\040\000r\000i\000d\000g\000e\000\040\000r\000e\000g\000r\000e\000s\000s\000i\000o\000n\000\040\000o\000n\000\040\000t\000h\000e\000\040\000l\000a\000t\000e\000n\000t\000\040\000s\000p\000a\000c\000e}{appendix.A}% 55
\BOOKMARK [1][-]{section.A.5}{\376\377\000W\000h\000y\000\040\000r\000e\000p\000e\000a\000t\000e\000d\000\040\000o\000u\000t\000e\000r\000\040\000r\000e\000s\000a\000m\000p\000l\000i\000n\000g\000\040\000m\000a\000t\000t\000e\000r\000s\000\040\000i\000n\000\040\000p\000r\000a\000c\000t\000i\000c\000a\000l\000\040\000t\000e\000r\000m\000s}{appendix.A}% 56
\BOOKMARK [0][-]{appendix.B}{\376\377\000A\000r\000c\000h\000i\000v\000e\000d\000\040\000A\000p\000p\000r\000o\000a\000c\000h\000e\000s\000\040\000a\000n\000d\000\040\000P\000r\000o\000j\000e\000c\000t\000\040\000E\000v\000o\000l\000u\000t\000i\000o\000n}{}% 57
\BOOKMARK [1][-]{section.B.1}{\376\377\000C\000o\000r\000r\000e\000c\000t\000i\000o\000n\000\040\000l\000e\000a\000r\000n\000i\000n\000g\000\040\000a\000r\000o\000u\000n\000d\000\040\000f\000a\000s\000t\000\040\000a\000f\000f\000i\000n\000i\000t\000y\000\040\000b\000a\000s\000e\000l\000i\000n\000e\000s}{appendix.B}% 58
\BOOKMARK [2][-]{subsection.B.1.1}{\376\377\000P\000R\000O\000D\000I\000G\000Y}{section.B.1}% 59
\BOOKMARK [2][-]{subsection.B.1.2}{\376\377\000M\000M\000/\000G\000B\000S\000A}{section.B.1}% 60
\BOOKMARK [1][-]{section.B.2}{\376\377\000T\000h\000e\000\040\000C\000\040\000c\000o\000n\000t\000a\000c\000t\000-\000m\000a\000p\000\040\000b\000r\000a\000n\000c\000h}{appendix.B}% 61
\BOOKMARK [1][-]{section.B.3}{\376\377\000T\000h\000e\000\040\000P\000P\000B\000-\000i\000n\000s\000p\000i\000r\000e\000d\000\040\000a\000u\000g\000m\000e\000n\000t\000a\000t\000i\000o\000n\000\040\000a\000n\000d\000\040\000s\000p\000a\000t\000i\000o\000t\000e\000m\000p\000o\000r\000a\000l\000\040\000b\000r\000a\000n\000c\000h}{appendix.B}% 62
\BOOKMARK [1][-]{section.B.4}{\376\377\000E\000x\000p\000l\000o\000r\000a\000t\000o\000r\000y\000\040\000d\000a\000t\000a\000s\000e\000t\000\040\000c\000u\000r\000a\000t\000i\000o\000n\000\040\000u\000t\000i\000l\000i\000t\000i\000e\000s}{appendix.B}% 63
\BOOKMARK [1][-]{section.B.5}{\376\377\000W\000h\000a\000t\000\040\000t\000h\000e\000\040\000a\000r\000c\000h\000i\000v\000e\000d\000\040\000b\000r\000a\000n\000c\000h\000e\000s\000\040\000c\000o\000n\000t\000r\000i\000b\000u\000t\000e\000d}{appendix.B}% 64
\BOOKMARK [0][-]{appendix.C}{\376\377\000R\000e\000p\000o\000s\000i\000t\000o\000r\000y\000\040\000a\000n\000d\000\040\000I\000m\000p\000l\000e\000m\000e\000n\000t\000a\000t\000i\000o\000n\000\040\000A\000v\000a\000i\000l\000a\000b\000i\000l\000i\000t\000y}{}% 65
